<?xml version="1.0" encoding="UTF-8"?>
<!-- Generated by org.testng.reporters.JUnitXMLReporter -->
<testsuite ignored="1" hostname="Reka" failures="0" tests="2" name="API Tests" time="3.077" errors="0" timestamp="2025-01-28T13:48:36 CST">
  <testcase classname="tests.LoginTest" name="login" time="2.606"/>
  <testcase classname="tests.CreateUsersTest" name="createUsers" time="0.429"/>
  <testcase classname="tests.CreateUsersTest" name="createusersMap" time="0.0">
    <ignored/>
  </testcase> <!-- createusersMap -->
</testsuite> <!-- API Tests -->
