<?xml version="1.0" encoding="UTF-8"?>
<!-- Generated by org.testng.reporters.JUnitXMLReporter -->
<testsuite ignored="1" hostname="Reka" failures="0" tests="4" name="API Tests" time="4.017" errors="0" timestamp="2025-01-29T10:57:06 CST">
  <testcase classname="tests.ALoginTest" name="login" time="2.622"/>
  <testcase classname="tests.BCreateUsersTest" name="createUsers" time="0.458"/>
  <testcase classname="tests.CGetUsersListTest" name="getUsersAndStoreId" time="0.515"/>
  <testcase classname="tests.DDeleteUserTest" name="deleteUser" time="0.844"/>
  <testcase classname="tests.BCreateUsersTest" name="createusersMap" time="0.0">
    <ignored/>
  </testcase> <!-- createusersMap -->
</testsuite> <!-- API Tests -->
