<?xml version="1.0" encoding="UTF-8"?>
<testng-results ignored="1" total="3" passed="2" failed="0" skipped="0">
  <reporter-output>
  </reporter-output>
  <suite started-at="2025-01-28T13:48:33 CST" name="Test" finished-at="2025-01-28T13:48:36 CST" duration-ms="3077">
    <groups>
    </groups>
    <test started-at="2025-01-28T13:48:33 CST" name="API Tests" finished-at="2025-01-28T13:48:36 CST" duration-ms="3077">
      <class name="tests.LoginTest">
        <test-method signature="login()[pri:1, instance:tests.LoginTest@2893de87]" started-at="2025-01-28T13:48:33 CST" name="login" finished-at="2025-01-28T13:48:35 CST" duration-ms="2606" status="PASS">
          <reporter-output>
          </reporter-output>
        </test-method> <!-- login -->
      </class> <!-- tests.LoginTest -->
      <class name="tests.CreateUsersTest">
        <test-method signature="createUsers()[pri:2, instance:tests.CreateUsersTest@2d9d4f9d]" started-at="2025-01-28T13:48:35 CST" name="createUsers" finished-at="2025-01-28T13:48:36 CST" depends-on-methods="tests.LoginTest.login" duration-ms="429" status="PASS">
          <reporter-output>
          </reporter-output>
        </test-method> <!-- createUsers -->
      </class> <!-- tests.CreateUsersTest -->
    </test> <!-- API Tests -->
  </suite> <!-- Test -->
</testng-results>
